2025-08-30 09:02:14 [    INFO] ai_script_inventory.superhuman_terminal:158 - Initializing Superhuman Terminal | version=1.0
2025-08-30 09:02:14 [    INFO] ai_script_inventory.superhuman_terminal:158 - Initializing Superhuman Terminal | version=1.0
2025-08-30 09:02:14 [    INFO] ai_script_inventory.superhuman_terminal:158 - Initializing Superhuman Terminal | version=1.0
2025-08-30 09:02:14 [    INFO] ai_script_inventory.superhuman_terminal:158 - Initializing Superhuman Terminal | version=1.0
2025-08-30 09:02:14 [    INFO] ai_script_inventory.superhuman_terminal:158 - Initializing Superhuman Terminal | version=1.0
2025-08-30 09:02:14 [    INFO] ai_script_inventory.superhuman_terminal:158 - Initializing Superhuman Terminal | version=1.0
2025-08-30 09:02:14 [    INFO] ai_script_inventory.superhuman_terminal:158 - Initializing Superhuman Terminal | version=1.0
2025-08-30 09:02:14 [    INFO] ai_script_inventory.superhuman_terminal:158 - Initializing Superhuman Terminal | version=1.0
2025-08-30 09:02:14 [    INFO] ai_script_inventory.superhuman_terminal:158 - Initializing Superhuman Terminal | version=1.0
2025-08-30 09:02:14 [    INFO] ai_script_inventory.superhuman_terminal:158 - Initializing Superhuman Terminal | version=1.0
2025-08-30 09:02:14 [    INFO] ai_script_inventory.superhuman_terminal:158 - Initializing Superhuman Terminal | version=1.0
2025-08-30 10:36:57 [    INFO] ai_script_inventory.superhuman_terminal:158 - Initializing Superhuman Terminal | version=1.0
2025-08-30 10:36:58 [    INFO] ai_script_inventory.superhuman_terminal:158 - Initializing Superhuman Terminal | version=1.0
2025-08-30 10:36:59 [    INFO] ai_script_inventory.superhuman_terminal:158 - Initializing Superhuman Terminal | version=1.0
2025-08-30 10:36:59 [    INFO] ai_script_inventory.superhuman_terminal:158 - Initializing Superhuman Terminal | version=1.0
2025-08-30 10:37:00 [    INFO] ai_script_inventory.superhuman_terminal:158 - Initializing Superhuman Terminal | version=1.0
2025-08-30 10:37:01 [    INFO] ai_script_inventory.superhuman_terminal:158 - Initializing Superhuman Terminal | version=1.0
2025-08-30 10:37:02 [    INFO] ai_script_inventory.superhuman_terminal:158 - Initializing Superhuman Terminal | version=1.0
2025-08-30 10:37:02 [    INFO] ai_script_inventory.superhuman_terminal:158 - Initializing Superhuman Terminal | version=1.0
2025-08-30 10:37:03 [    INFO] ai_script_inventory.superhuman_terminal:158 - Initializing Superhuman Terminal | version=1.0
2025-08-30 10:37:04 [    INFO] ai_script_inventory.superhuman_terminal:158 - Initializing Superhuman Terminal | version=1.0
2025-08-30 10:37:05 [    INFO] ai_script_inventory.superhuman_terminal:158 - Initializing Superhuman Terminal | version=1.0
2025-08-30 10:37:17 [    INFO] ai_script_inventory.superhuman_terminal:158 - Initializing Superhuman Terminal | version=1.0
2025-08-30 10:37:18 [    INFO] ai_script_inventory.superhuman_terminal:158 - Initializing Superhuman Terminal | version=1.0
2025-08-30 10:37:19 [    INFO] ai_script_inventory.superhuman_terminal:158 - Initializing Superhuman Terminal | version=1.0
2025-08-30 10:37:19 [    INFO] ai_script_inventory.superhuman_terminal:158 - Initializing Superhuman Terminal | version=1.0
2025-08-30 10:37:20 [    INFO] ai_script_inventory.superhuman_terminal:158 - Initializing Superhuman Terminal | version=1.0
2025-08-30 10:37:21 [    INFO] ai_script_inventory.superhuman_terminal:158 - Initializing Superhuman Terminal | version=1.0
2025-08-30 10:37:22 [    INFO] ai_script_inventory.superhuman_terminal:158 - Initializing Superhuman Terminal | version=1.0
2025-08-30 10:37:22 [    INFO] ai_script_inventory.superhuman_terminal:158 - Initializing Superhuman Terminal | version=1.0
2025-08-30 10:37:23 [    INFO] ai_script_inventory.superhuman_terminal:158 - Initializing Superhuman Terminal | version=1.0
2025-08-30 10:37:24 [    INFO] ai_script_inventory.superhuman_terminal:158 - Initializing Superhuman Terminal | version=1.0
2025-08-30 10:37:25 [    INFO] ai_script_inventory.superhuman_terminal:158 - Initializing Superhuman Terminal | version=1.0
2025-08-30 10:42:57 [    INFO] ai_script_inventory.superhuman_terminal:158 - Initializing Superhuman Terminal | version=1.0
2025-08-30 10:42:57 [    INFO] ai_script_inventory.superhuman_terminal:158 - Starting run | function=run | module=ai_script_inventory.superhuman_terminal
2025-08-30 10:42:57 [    INFO] ai_script_inventory.superhuman_terminal:158 - Starting Superhuman Terminal session
2025-08-30 10:43:26 [    INFO] ai_script_inventory.superhuman_terminal:158 - Initializing Superhuman Terminal | version=1.0
2025-08-30 10:43:26 [    INFO] ai_script_inventory.superhuman_terminal:158 - Initializing Superhuman Terminal | version=1.0
2025-08-30 10:43:27 [    INFO] ai_script_inventory.superhuman_terminal:158 - Initializing Superhuman Terminal | version=1.0
2025-08-30 10:43:28 [    INFO] ai_script_inventory.superhuman_terminal:158 - Initializing Superhuman Terminal | version=1.0
2025-08-30 10:43:29 [    INFO] ai_script_inventory.superhuman_terminal:158 - Initializing Superhuman Terminal | version=1.0
2025-08-30 10:43:29 [    INFO] ai_script_inventory.superhuman_terminal:158 - Initializing Superhuman Terminal | version=1.0
2025-08-30 10:43:30 [    INFO] ai_script_inventory.superhuman_terminal:158 - Initializing Superhuman Terminal | version=1.0
2025-08-30 10:43:31 [    INFO] ai_script_inventory.superhuman_terminal:158 - Initializing Superhuman Terminal | version=1.0
2025-08-30 10:43:32 [    INFO] ai_script_inventory.superhuman_terminal:158 - Initializing Superhuman Terminal | version=1.0
2025-08-30 10:43:32 [    INFO] ai_script_inventory.superhuman_terminal:158 - Initializing Superhuman Terminal | version=1.0
2025-08-30 10:43:33 [    INFO] ai_script_inventory.superhuman_terminal:158 - Initializing Superhuman Terminal | version=1.0
2025-08-30 10:44:23 [    INFO] ai_script_inventory.superhuman_terminal:158 - Initializing Superhuman Terminal | version=1.0
2025-08-30 10:44:24 [    INFO] ai_script_inventory.superhuman_terminal:158 - Initializing Superhuman Terminal | version=1.0
2025-08-30 10:44:25 [    INFO] ai_script_inventory.superhuman_terminal:158 - Initializing Superhuman Terminal | version=1.0
2025-08-30 10:44:26 [    INFO] ai_script_inventory.superhuman_terminal:158 - Initializing Superhuman Terminal | version=1.0
2025-08-30 10:44:26 [    INFO] ai_script_inventory.superhuman_terminal:158 - Initializing Superhuman Terminal | version=1.0
2025-08-30 10:44:27 [    INFO] ai_script_inventory.superhuman_terminal:158 - Initializing Superhuman Terminal | version=1.0
2025-08-30 10:44:28 [    INFO] ai_script_inventory.superhuman_terminal:158 - Initializing Superhuman Terminal | version=1.0
2025-08-30 10:44:29 [    INFO] ai_script_inventory.superhuman_terminal:158 - Initializing Superhuman Terminal | version=1.0
2025-08-30 10:44:29 [    INFO] ai_script_inventory.superhuman_terminal:158 - Initializing Superhuman Terminal | version=1.0
2025-08-30 10:44:30 [    INFO] ai_script_inventory.superhuman_terminal:158 - Initializing Superhuman Terminal | version=1.0
2025-08-30 10:44:31 [    INFO] ai_script_inventory.superhuman_terminal:158 - Initializing Superhuman Terminal | version=1.0
2025-08-30 10:44:32 [    INFO] ai_script_inventory.superhuman_terminal:158 - Initializing Superhuman Terminal | version=1.0
2025-08-30 10:44:42 [    INFO] ai_script_inventory.superhuman_terminal:158 - Initializing Superhuman Terminal | version=1.0
2025-08-30 10:44:43 [    INFO] ai_script_inventory.superhuman_terminal:158 - Starting run | function=run | module=ai_script_inventory.superhuman_terminal
2025-08-30 10:44:43 [    INFO] ai_script_inventory.superhuman_terminal:158 - Starting Superhuman Terminal session
2025-08-30 10:44:43 [    INFO] ai_script_inventory.superhuman_terminal:158 - Starting intent_recognition | operation=intent_recognition | user_input=help
2025-08-30 10:44:43 [    INFO] ai_script_inventory.superhuman_terminal:158 - Intent recognized | intent_type=help | confidence=0.8 | target=None
2025-08-30 10:44:43 [    INFO] ai_script_inventory.superhuman_terminal:158 - Completed intent_recognition | operation=intent_recognition | duration_ms=5.3 | success=True | user_input=help
2025-08-30 10:44:43 [    INFO] ai_script_inventory.superhuman_terminal:158 - Starting handler_execution | operation=handler_execution | handler=handle_help | intent_type=help
2025-08-30 10:44:43 [    INFO] ai_script_inventory.superhuman_terminal:158 - Intent handler completed successfully | handler=handle_help | intent_type=help
2025-08-30 10:44:43 [    INFO] ai_script_inventory.superhuman_terminal:158 - Completed handler_execution | operation=handler_execution | duration_ms=0.67 | success=True | handler=handle_help | intent_type=help
2025-08-30 10:44:43 [    INFO] ai_script_inventory.superhuman_terminal:158 - Starting intent_recognition | operation=intent_recognition | user_input=list files
2025-08-30 10:44:43 [    INFO] ai_script_inventory.superhuman_terminal:158 - Intent recognized | intent_type=list | confidence=0.8 | target=None
2025-08-30 10:44:43 [    INFO] ai_script_inventory.superhuman_terminal:158 - Completed intent_recognition | operation=intent_recognition | duration_ms=4.4 | success=True | user_input=list files
2025-08-30 10:44:43 [    INFO] ai_script_inventory.superhuman_terminal:158 - Starting handler_execution | operation=handler_execution | handler=handle_list | intent_type=list
2025-08-30 10:44:43 [    INFO] ai_script_inventory.superhuman_terminal:158 - Intent handler completed successfully | handler=handle_list | intent_type=list
2025-08-30 10:44:43 [    INFO] ai_script_inventory.superhuman_terminal:158 - Completed handler_execution | operation=handler_execution | duration_ms=0.45 | success=True | handler=handle_list | intent_type=list
2025-08-30 10:44:43 [    INFO] ai_script_inventory.superhuman_terminal:158 - Starting intent_recognition | operation=intent_recognition | user_input=what can you do?
2025-08-30 10:44:43 [    INFO] ai_script_inventory.superhuman_terminal:158 - Intent recognized | intent_type=ai_chat | confidence=1.0 | target=None
2025-08-30 10:44:43 [    INFO] ai_script_inventory.superhuman_terminal:158 - Completed intent_recognition | operation=intent_recognition | duration_ms=4.7 | success=True | user_input=what can you do?
2025-08-30 10:44:43 [    INFO] ai_script_inventory.superhuman_terminal:158 - Starting handler_execution | operation=handler_execution | handler=handle_ai_chat | intent_type=ai_chat
2025-08-30 10:44:43 [    INFO] ai_script_inventory.superhuman_terminal:158 - Intent handler completed successfully | handler=handle_ai_chat | intent_type=ai_chat
2025-08-30 10:44:43 [    INFO] ai_script_inventory.superhuman_terminal:158 - Completed handler_execution | operation=handler_execution | duration_ms=0.25 | success=True | handler=handle_ai_chat | intent_type=ai_chat
2025-08-30 10:44:43 [    INFO] ai_script_inventory.superhuman_terminal:158 - Starting intent_recognition | operation=intent_recognition | user_input=exit
2025-08-30 10:44:43 [    INFO] ai_script_inventory.superhuman_terminal:158 - Intent recognized | intent_type=exit | confidence=0.8 | target=None
2025-08-30 10:44:43 [    INFO] ai_script_inventory.superhuman_terminal:158 - Completed intent_recognition | operation=intent_recognition | duration_ms=3.7 | success=True | user_input=exit
2025-08-30 10:44:43 [    INFO] ai_script_inventory.superhuman_terminal:158 - Starting handler_execution | operation=handler_execution | handler=handle_exit | intent_type=exit
2025-08-30 10:44:43 [    INFO] ai_script_inventory.superhuman_terminal:158 - Intent handler completed successfully | handler=handle_exit | intent_type=exit
2025-08-30 10:44:43 [    INFO] ai_script_inventory.superhuman_terminal:158 - Completed handler_execution | operation=handler_execution | duration_ms=0.22 | success=True | handler=handle_exit | intent_type=exit
2025-08-30 10:44:43 [    INFO] ai_script_inventory.superhuman_terminal:158 - Terminal session completed | commands_executed=4
2025-08-30 10:44:43 [    INFO] ai_script_inventory.superhuman_terminal:158 - Completed run | function=run | duration_ms=21.23 | success=True
2025-08-30 10:45:21 [    INFO] ai_script_inventory.superhuman_terminal:158 - Initializing Superhuman Terminal | version=1.0
2025-08-30 10:45:22 [    INFO] ai_script_inventory.superhuman_terminal:158 - Initializing Superhuman Terminal | version=1.0
2025-08-30 10:45:23 [    INFO] ai_script_inventory.superhuman_terminal:158 - Initializing Superhuman Terminal | version=1.0
2025-08-30 10:45:23 [    INFO] ai_script_inventory.superhuman_terminal:158 - Initializing Superhuman Terminal | version=1.0
2025-08-30 10:45:24 [    INFO] ai_script_inventory.superhuman_terminal:158 - Initializing Superhuman Terminal | version=1.0
2025-08-30 10:45:25 [    INFO] ai_script_inventory.superhuman_terminal:158 - Initializing Superhuman Terminal | version=1.0
2025-08-30 10:45:26 [    INFO] ai_script_inventory.superhuman_terminal:158 - Initializing Superhuman Terminal | version=1.0
2025-08-30 10:45:26 [    INFO] ai_script_inventory.superhuman_terminal:158 - Initializing Superhuman Terminal | version=1.0
2025-08-30 10:45:27 [    INFO] ai_script_inventory.superhuman_terminal:158 - Initializing Superhuman Terminal | version=1.0
2025-08-30 10:45:28 [    INFO] ai_script_inventory.superhuman_terminal:158 - Initializing Superhuman Terminal | version=1.0
2025-08-30 10:45:29 [    INFO] ai_script_inventory.superhuman_terminal:158 - Initializing Superhuman Terminal | version=1.0
